<?xml version="1.0" encoding="UTF-8"?>
<!-- Generated by org.testng.reporters.JUnitReportReporter -->
<testsuite hostname="LAPTOP-BPR8F4M9" failures="0" tests="1" name="tests.LoginTest" time="3.533" errors="0" timestamp="2025-07-11T13:47:05 CDT" skipped="0">
  <testcase classname="tests.LoginTest" name="testValidLogin" time="3.533"/>
</testsuite> <!-- tests.LoginTest -->
